"../../../WOW/Content/AHHH.uasset" 0
"../../../WOW/Content/AWWW.uasset" 1
"../../../WOW/Content/TexturesCom_StoneWall2_3x3_1024_albedo_COLOR.uasset" 2
"../../../WOW/Content/TexturesCom_StoneWall2_3x3_1024_albedo_NRM.uasset" 3
"../../../WOW/Content/TexturesCom_StoneWall2_3x3_512_albedo_COLOR_Mat.uasset" 4
"../../../WOW/Content/Box_Brush_StaticMesh.uasset" 5
"../../../WOW/Content/Material/TexturesCom_Grass0153_1_seamless_S_COLOR.uasset" 6
"../../../WOW/Content/Material/TexturesCom_Grass0153_1_seamless_S_COLOR_Mat.uasset" 7
"../../../WOW/Content/TexturesCom_CliffRock_A_2x2_512_albedo_COLOR.uasset" 8
"../../../WOW/Content/TexturesCom_CliffRock_A_2x2_512_normal.uasset" 9
"../../../WOW/Content/TexturesCom_CliffRock_A_2x2_512_albedo_COLOR_Mat.uasset" 10
"../../../WOW/Content/CastEdit.uasset" 11
"../../../WOW/Content/dsada.uasset" 12
"../../../WOW/Content/Fbx_Default_Material.uasset" 13
"../../../WOW/Content/38614599_292566181504319_3390129862688636928_n.uasset" 14
"../../../WOW/Content/Gass3_M.uasset" 15
"../../../WOW/Content/Gass3.uasset" 16
"../../../WOW/Content/Gass3_FoliageType.uasset" 17
"../../../WOW/Content/Glass.uasset" 18
"../../../WOW/Content/453-2.uasset" 19
"../../../WOW/Content/Grass2_M.uasset" 20
"../../../WOW/Content/grass2.uasset" 21
"../../../WOW/Content/Linear_Stair_Brush_StaticMesh.uasset" 22
"../../../WOW/Content/NewBlueprint.uasset" 23
"../../../WOW/Content/NewBlueprint1.uasset" 24
"../../../WOW/Content/RRRRR.uasset" 25
"../../../WOW/Content/TexturesCom_CliffRock_A_2x2_512_height_DISP.uasset" 26
"../../../WOW/Content/TexturesCom_StoneWall2_3x3_512_albedo_COLOR.uasset" 27
"../../../WOW/Content/TexturesCom_StoneWall2_3x3_512_albedo_NRM.uasset" 28
"../../../WOW/Content/Animtest/COMBO1_Skeleton.uasset" 29
"../../../WOW/Content/Animtest/COMBO2_Anim_Camera_CameraAction.uasset" 30
"../../../WOW/Content/Animtest/COMBO3_Anim_Camera_CameraAction.uasset" 31
"../../../WOW/Content/Animtest/COMBO3_Anim_Test_CameraAction.uasset" 32
"../../../WOW/Content/Audio/bgm/Battle1.uasset" 33
"../../../WOW/Content/Audio/bgm/Battle1_Cue.uasset" 34
"../../../WOW/Content/Audio/bgm/Battle_Theme_-_Xenoblade_Chronicles_2_OST.uasset" 35
"../../../WOW/Content/Audio/bgm/Battle_Theme_-_Xenoblade_Chronicles_2_OST_Cue.uasset" 36
"../../../WOW/Content/Audio/bgm/Field1.uasset" 37
"../../../WOW/Content/Audio/bgm/Field1_Cue.uasset" 38
"../../../WOW/Content/Audio/bgm/Xenoblade_Chronicles_2_OST_-_Gormott__Day_.uasset" 39
"../../../WOW/Content/Audio/bgm/Xenoblade_Chronicles_2_OST_-_Gormott__Day__Cue.uasset" 40
"../../../Engine/Content/EditorBlueprintResources/StandardMacros.uasset" 41
"../../../Engine/Content/EngineSky/C_Sky_Cloud_Color.uasset" 42
"../../../Engine/Content/EngineSky/C_Sky_Horizon_Color.uasset" 43
"../../../Engine/Content/EngineSky/C_Sky_Zenith_Color.uasset" 44
"../../../Engine/Content/EngineSky/T_Sky_Blue.uasset" 45
"../../../Engine/Content/EngineSky/T_Sky_Clouds_M.uasset" 46
"../../../Engine/Content/EngineSky/T_Sky_Stars.uasset" 47
"../../../Engine/Content/EngineSky/M_Sky_Panning_Clouds2.uasset" 48
"../../../Engine/Content/EngineSky/SM_SkySphere.uasset" 49
"../../../Engine/Content/EngineSky/BP_Sky_Sphere.uasset" 50
"../../../WOW/Content/Data/Blueprints/NewBlueprint.uasset" 51
"../../../WOW/Content/Animtest/COMBO1_Anim_Camera_CameraAction.uasset" 52
"../../../WOW/Content/Animtest/COMBO1_Skeleton_AnimBlueprint.uasset" 53
"../../../WOW/Content/Animtest/COMBO1_Anim_Test_ArmatureAction.uasset" 54
"../../../WOW/Content/Animtest/COMBO1_Anim_Test_ArmatureAction_Montage.uasset" 55
"../../../WOW/Content/Animtest/COMBO2_Anim_Test_ArmatureAction.uasset" 56
"../../../WOW/Content/Animtest/COMBO2_Anim_Test_ArmatureAction_Montage.uasset" 57
"../../../WOW/Content/Animtest/COMBO3_Anim_Test_ArmatureAction.uasset" 58
"../../../WOW/Content/Animtest/COMBO3_Anim_Test_ArmatureAction_Montage.uasset" 59
"../../../WOW/Content/Data/Widget/inventory/itemEnum.uasset" 60
"../../../WOW/Content/Data/Widget/inventory/ItemDefinedStruct.uasset" 61
"../../../WOW/Content/Data/Widget/inventory/item/Item_Master.uasset" 62
"../../../WOW/Content/Data/Blueprints/Windowed_ModeEnum.uasset" 63
"../../../WOW/Content/Data/Blueprints/GameInstance_WOW.uasset" 64
"../../../WOW/Content/Effect/Ice1/Dust1.uasset" 65
"../../../WOW/Content/Effect/Ice1/Dust.uasset" 66
"../../../WOW/Content/Effect/Ice1/1537288248509.uasset" 67
"../../../WOW/Content/Effect/Ice1/M_Rust.uasset" 68
"../../../WOW/Content/Effect/Ice1/Ice_Dust.uasset" 69
"../../../WOW/Content/Effect/Ice1/Ice1.uasset" 70
"../../../WOW/Content/Effect/Ice1/Ice1Actor.uasset" 71
"../../../WOW/Content/Data/Widget/MiniMap_render.uasset" 72
"../../../WOW/Content/Data/Widget/NewCanvasRenderTarget2D.uasset" 73
"../../../WOW/Content/Data/Party/infoParty.uasset" 74
"../../../WOW/Content/Animtest/01___Default.uasset" 75
"../../../WOW/Content/Animtest/COMBO1_PhysicsAsset.uasset" 76
"../../../WOW/Content/Animtest/COMBO1.uasset" 77
"../../../WOW/Content/Data/Widget/DpDqYhuUUAYy9SI_1.uasset" 78
"../../../WOW/Content/Data/Widget/333.uasset" 79
"../../../WOW/Content/Data/Widget/ED.uasset" 80
"../../../WOW/Content/Data/Widget/EZ11.uasset" 81
"../../../WOW/Content/Data/Widget/MinimapMaterial.uasset" 82
"../../../WOW/Content/Data/Widget/Minimap.uasset" 83
"../../../WOW/Content/Data/Widget/HUDgame.uasset" 84
"../../../WOW/Content/Data/Widget/inventory/item_button.uasset" 85
"../../../WOW/Content/Data/Widget/inventory/M2.uasset" 86
"../../../WOW/Content/Data/Widget/inventory/M4.uasset" 87
"../../../WOW/Content/Data/Widget/inventory/M5.uasset" 88
"../../../WOW/Content/Data/Widget/inventory/MP.uasset" 89
"../../../WOW/Content/Data/Widget/inventory/X2__1_.uasset" 90
"../../../WOW/Content/Data/Widget/inventory/X__1_.uasset" 91
"../../../WOW/Content/Data/Widget/inventory/inventory.uasset" 92
"../../../WOW/Content/Data/Widget/Ti_Serif.uasset" 93
"../../../WOW/Content/Data/Widget/Ti_Serif_Font.uasset" 94
"../../../WOW/Content/Data/Widget/MainMenu/Audio.uasset" 95
"../../../WOW/Content/Data/Widget/MainMenu/GRAPHICS.uasset" 96
"../../../Engine/Content/EngineFonts/Faces/RobotoTiny.uasset" 97
"../../../Engine/Content/EngineFonts/RobotoTiny.uasset" 98
"../../../WOW/Content/Data/Widget/Loading.uasset" 99
"../../../WOW/Content/Data/Widget/MenuPause/Option.uasset" 100
"../../../WOW/Content/Data/Widget/MenuPause/SettingIcon.uasset" 101
"../../../WOW/Content/Data/Widget/Party_Member.uasset" 102
"../../../WOW/Content/Data/Widget/MenuPause/MenuP.uasset" 103
"../../../WOW/Content/StarterContent/Textures/T_Dust_Particle_D.uasset" 104
"../../../WOW/Content/StarterContent/Particles/Materials/M_Dust_Particle.uasset" 105
"../../../WOW/Content/Effect/Dust_Light/Dust_Light_P.uasset" 106
"../../../WOW/Content/Effect/Ice1/FloatingCombatText.uasset" 107
"../../../WOW/Content/ThirdPersonBP/Blueprints/CharacterMaster.uasset" 108
"../../../WOW/Content/Data/Blueprints/RPG.uasset" 109
"../../../WOW/Content/Data/Blueprints/SaveSetting.uasset" 110
"../../../WOW/Content/Data/Widget/Aim.uasset" 111
"../../../WOW/Content/Data/Widget/DpDoVSJUYAI3A_z_1.uasset" 112
"../../../WOW/Content/Data/Widget/EZ22.uasset" 113
"../../../WOW/Content/Data/Widget/GG1.uasset" 114
"../../../WOW/Content/Data/Widget/HP.uasset" 115
"../../../WOW/Content/Data/Widget/NewWidgetBlueprint.uasset" 116
"../../../WOW/Content/Data/Widget/StatsMenu.uasset" 117
"../../../WOW/Content/Data/Widget/inventory/item/Potion.uasset" 118
"../../../WOW/Content/Data/Widget/MainMenu/Loadgame.uasset" 119
"../../../WOW/Content/Data/Widget/MainMenu/LoadSlot.uasset" 120
"../../../WOW/Content/Data/Widget/MenuPause/optionInterface.uasset" 121
"../../../WOW/Content/Effect/Fire_Dust1/Fire_Dust_P.uasset" 122
"../../../WOW/Content/Effect/Flame_ball1/Flame_ball.uasset" 123
"../../../WOW/Content/Map/New_canvas212.uasset" 124
"../../../WOW/Content/Effect/Flame_ball1/sss.uasset" 125
"../../../WOW/Content/Effect/Flame_ball1/Flame_Ball_P.uasset" 126
"../../../WOW/Content/Effect/Ice1/Dust_T.uasset" 127
"../../../WOW/Content/Effect/Ice1/iceM1.uasset" 128
"../../../WOW/Content/Effect/Ice1/ice.uasset" 129
"../../../WOW/Content/Effect/Ice1/Ice1_2.uasset" 130
"../../../WOW/Content/Effect/Ice1/Ice2.uasset" 131
"../../../Engine/Content/Functions/Engine_MaterialFunctions01/Density/ExponentialDensity.uasset" 132
"../../../Engine/Content/Functions/Engine_MaterialFunctions01/Gradient/RadialGradientExponential.uasset" 133
"../../../WOW/Content/Effect/Ice1/M_Rust1.uasset" 134
"../../../Engine/Content/EngineMaterials/OrientParticle.uasset" 135
"../../../Engine/Content/EngineMaterials/DefaultParticle.uasset" 136
"../../../WOW/Content/Effect/Lighting1/Lighting1.uasset" 137
"../../../WOW/Content/Geometry/Meshes/CubeMaterial.uasset" 138
"../../../WOW/Content/Geometry/Meshes/1M_Cube.uasset" 139
"../../../WOW/Content/Geometry/Meshes/1M_Cube_Chamfer.uasset" 140
"../../../WOW/Content/Geometry/Meshes/TemplateFloor.uasset" 141
"../../../WOW/Content/Mannequin/Character/Mesh/UE4_Mannequin_Skeleton.uasset" 142
"../../../WOW/Content/Mannequin/Animations/ThirdPersonJump_End.uasset" 143
"../../../WOW/Content/Mannequin/Animations/ThirdPerson_Jump.uasset" 144
"../../../WOW/Content/Mannequin/Animations/ThirdPersonJump_Loop.uasset" 145
"../../../WOW/Content/Mannequin/Animations/ThirdPersonJump_Start.uasset" 146
"../../../WOW/Content/Mannequin/Animations/ThirdPersonIdle.uasset" 147
"../../../WOW/Content/Mannequin/Animations/ThirdPersonRun.uasset" 148
"../../../WOW/Content/Mannequin/Animations/ThirdPersonWalk.uasset" 149
"../../../WOW/Content/Mannequin/Animations/ThirdPerson_IdleRun_2D.uasset" 150
"../../../WOW/Content/Mannequin/Animations/ThirdPerson_AnimBP.uasset" 151
"../../../WOW/Content/Map/C3_BuiltData.uasset" 152
"../../../WOW/Content/Map/NewParticleSystem.uasset" 153
"../../../WOW/Content/Map/OldTown_BuiltData.uasset" 154
"../../../Engine/Content/Functions/Engine_MaterialFunctions02/Math/AddComponents.uasset" 155
"../../../WOW/Content/Material/M_ToonShader.uasset" 156
"../../../WOW/Content/Material/M_ToonShader_Inst.uasset" 157
"../../../WOW/Content/Material/PP_CelShader.uasset" 158
"../../../WOW/Content/Material/PP_CelShader_Inst.uasset" 159
"../../../WOW/Content/Material/R_001.uasset" 160
"../../../WOW/Content/Material/unreal-engine-cel-shading-36.uasset" 161
"../../../WOW/Content/Meshes/alls.uasset" 162
"../../../WOW/Content/Object/City1/etc/a_001.uasset" 163
"../../../WOW/Content/Object/City1/etc/al.uasset" 164
"../../../WOW/Content/Object/City1/etc/table.uasset" 165
"../../../WOW/Content/Object/City1/etc/tableee.uasset" 166
"../../../WOW/Content/Object/City1/etc/table_diff.uasset" 167
"../../../WOW/Content/Object/City1/etc/table_nm.uasset" 168
"../../../WOW/Content/Object/City1/etc/table_roughness.uasset" 169
"../../../Engine/Content/Functions/Engine_MaterialFunctions01/Opacity/CameraDepthFade.uasset" 170
"../../../Engine/Content/EngineMaterials/T_Default_Material_Grid_M.uasset" 171
"../../../Engine/Content/EngineMaterials/T_Default_Material_Grid_N.uasset" 172
"../../../Engine/Content/EngineMaterials/WorldGridMaterial.uasset" 173
"../../../WOW/Content/Object/etc/1/s.uasset" 174
"../../../WOW/Content/Object/etc/1/s_DefaultMaterial_BaseColor.uasset" 175
"../../../WOW/Content/Object/etc/1/s_DefaultMaterial_Normal.uasset" 176
"../../../WOW/Content/Object/etc/1/s_DefaultMaterial_OcclusionRoughnessMetallic.uasset" 177
"../../../WOW/Content/Object/etc/1/s_DefaultMaterial_BaseColor_Mat.uasset" 178
"../../../WOW/Content/Object/Fence/Fence_BP.uasset" 179
"../../../WOW/Content/Object/Fence/Fence_BP1.uasset" 180
"../../../WOW/Content/Object/Fence/1/Cube_Material_BaseColor.uasset" 181
"../../../WOW/Content/Object/Fence/1/Cube_Material_Normal.uasset" 182
"../../../WOW/Content/Object/Fence/1/Cube_Material_OcclusionRoughnessMetallic.uasset" 183
"../../../WOW/Content/Object/Fence/1/fence1.uasset" 184
"../../../WOW/Content/Object/Fence/1/fence.uasset" 185
"../../../Engine/Content/Functions/Engine_MaterialFunctions01/Gradient/LinearGradient.uasset" 186
"../../../Engine/Content/Functions/Engine_MaterialFunctions01/WorldPositionOffset/SimpleGrassWind.uasset" 187
"../../../Engine/Content/Functions/Engine_MaterialFunctions02/Texturing/ScreenAlignedPixelToPixelUVs.uasset" 188
"../../../Engine/Content/EngineMaterials/Good64x64TilingNoiseHighFreq.uasset" 189
"../../../Engine/Content/Functions/Engine_MaterialFunctions02/Utility/DitherTemporalAA.uasset" 190
"../../../WOW/Content/Object/Foliage/Grass/Grass1/2.uasset" 191
"../../../WOW/Content/Object/Foliage/Grass/Grass1/Grass1_M.uasset" 192
"../../../WOW/Content/Object/Foliage/Grass/Grass1/Grass1_M_Inst.uasset" 193
"../../../WOW/Content/Object/Foliage/Grass/Grass1/Grass1.uasset" 194
"../../../WOW/Content/Object/Foliage/Grass/Grass2/12ED.uasset" 195
"../../../WOW/Content/Object/Foliage/Grass/Grass2/8_2.uasset" 196
"../../../WOW/Content/Object/Foliage/Grass/Grass3/EED.uasset" 197
"../../../WOW/Content/Object/Foliage/Grass/Grass3/Foil.uasset" 198
"../../../WOW/Content/Object/Foliage/Grass/Grass3/Foliage.uasset" 199
"../../../WOW/Content/Object/Foliage/Tree/2/bt_Material_001_BaseColor.uasset" 200
"../../../WOW/Content/Object/Foliage/Tree/2/bt_Material_001_Normal.uasset" 201
"../../../WOW/Content/Object/Foliage/Tree/2/bt_Material_001_OcclusionRoughnessMetallic.uasset" 202
"../../../WOW/Content/Object/Foliage/Tree/3/tree_lod0_Material_004_BaseColor.uasset" 203
"../../../WOW/Content/Object/Foliage/Tree/3/tree_lod0_Material_004_Normal.uasset" 204
"../../../WOW/Content/Object/Foliage/Tree/3/tree_lod0_Material_004_OcclusionRoughnessMetallic.uasset" 205
"../../../WOW/Content/Object/Foliage/Tree/3/Material_004.uasset" 206
"../../../WOW/Content/Object/Foliage/Tree/2/TexturesCom_Branches0018_1_alphamasked_S.uasset" 207
"../../../WOW/Content/Object/Foliage/Tree/2/TexturesCom_Branches0018_1_alphamasked_Mat.uasset" 208
"../../../WOW/Content/Object/Foliage/Tree/2/TexturesCom_Branches0018_1_alphamasked_Mat_Inst.uasset" 209
"../../../WOW/Content/Object/Foliage/Tree/3/tree_lod0.uasset" 210
"../../../WOW/Content/Object/Foliage/Tree/4/tree2_lod0_ttt1_BaseColor.uasset" 211
"../../../WOW/Content/Object/Foliage/Tree/4/tree2_lod0_ttt1_Normal.uasset" 212
"../../../WOW/Content/Object/Foliage/Tree/4/tree2_lod0_ttt1_OcclusionRoughnessMetallic.uasset" 213
"../../../WOW/Content/Object/Foliage/Tree/4/ttt1.uasset" 214
"../../../WOW/Content/Object/Foliage/Tree/4/tree2_lod0.uasset" 215
"../../../WOW/Content/Object/Foliage/Tree/pine/leaves.uasset" 216
"../../../WOW/Content/Object/Foliage/Tree/pine/leaves_Mat.uasset" 217
"../../../WOW/Content/Object/Foliage/Tree/pine/leaves_Mat_Inst.uasset" 218
"../../../WOW/Content/Object/Foliage/Tree/pine/p_pine_wood_BaseColor.uasset" 219
"../../../WOW/Content/Object/Foliage/Tree/pine/p_pine_wood_Normal.uasset" 220
"../../../WOW/Content/Object/Foliage/Tree/pine/p_pine_wood_OcclusionRoughnessMetallic.uasset" 221
"../../../WOW/Content/Object/Foliage/Tree/pine/p_pine_wood_BaseColor_Mat.uasset" 222
"../../../WOW/Content/Object/Foliage/Tree/pine/pine_lod1_tex.uasset" 223
"../../../WOW/Content/Object/Foliage/Tree/pine/pine_lod1_tex_Mat.uasset" 224
"../../../WOW/Content/Object/Foliage/Tree/pine/p_large_lod0.uasset" 225
"../../../WOW/Content/Object/Foliage/Tree/pine/p_medium_lod0.uasset" 226
"../../../WOW/Content/Object/Foliage/Tree/pine/p_small_lod0.uasset" 227
"../../../WOW/Content/Object/Rock/2/rock2_Rock2_BaseColor.uasset" 228
"../../../WOW/Content/Object/Rock/2/rock2_Rock2_Normal.uasset" 229
"../../../WOW/Content/Object/Rock/2/rock2_Rock2_OcclusionRoughnessMetallic.uasset" 230
"../../../WOW/Content/Object/Rock/2/rock2_M.uasset" 231
"../../../WOW/Content/Object/Rock/2/rock2.uasset" 232
"../../../WOW/Content/Object/Rock/3/Rock3_Rock3M_BaseColor.uasset" 233
"../../../WOW/Content/Object/Rock/3/Rock3_Rock3M_Normal.uasset" 234
"../../../WOW/Content/Object/Rock/3/Rock3_Rock3M_OcclusionRoughnessMetallic.uasset" 235
"../../../WOW/Content/Object/Rock/3/Rock3_M.uasset" 236
"../../../WOW/Content/Object/Rock/3/Rock3.uasset" 237
"../../../WOW/Content/Object/Rock/5/Rock5_Rock5_BaseColor.uasset" 238
"../../../WOW/Content/Object/Rock/5/Rock5_Rock5_Normal.uasset" 239
"../../../WOW/Content/Object/Rock/5/Rock5_Rock5_OcclusionRoughnessMetallic.uasset" 240
"../../../WOW/Content/Object/Rock/5/Rock5_Rock5_BaseColor_Mat.uasset" 241
"../../../WOW/Content/Object/Town1/Build/Home2/Texture/home2_A_BaseColor.uasset" 242
"../../../WOW/Content/Object/Town1/Build/Home2/Material/home2_A_BaseColor_Mat.uasset" 243
"../../../WOW/Content/Object/Town1/Build/Home2/Texture/home2_C4_BaseColor.uasset" 244
"../../../WOW/Content/Object/Town1/Build/Home2/Texture/home2_C4_Normal.uasset" 245
"../../../WOW/Content/Object/Town1/Build/Home2/Texture/home2_C4_OcclusionRoughnessMetallic.uasset" 246
"../../../WOW/Content/Object/Town1/Build/Home2/Texture/home2_f_OcclusionRoughnessMetallic.uasset" 247
"../../../WOW/Content/Object/Town1/Build/Home2/Texture/home2_Y_OcclusionRoughnessMetallic.uasset" 248
"../../../WOW/Content/Object/Town1/Build/Home4/Home4_Material_BaseColor__1_.uasset" 249
"../../../WOW/Content/Object/Town1/Build/Home4/Home4_Material_Normal__1_.uasset" 250
"../../../WOW/Content/Object/Town1/Build/Home4/Home4_Material_OcclusionRoughnessMetallic__1_.uasset" 251
"../../../WOW/Content/Object/WaterPlane/Ocean/Materials/FakedCaustics.uasset" 252
"../../../WOW/Content/Object/WaterPlane/Ocean/Textures/T_MicroWaves_N.uasset" 253
"../../../WOW/Content/Object/WaterPlane/Ocean/Textures/T_OceanFoam_01.uasset" 254
"../../../WOW/Content/Object/Weapon/Sword/Gear_Blade/GearBlade_MaterialGear_BaseColor.uasset" 255
"../../../WOW/Content/Object/Weapon/Sword/Gear_Blade/GearBlade_MaterialGear_Normal.uasset" 256
"../../../WOW/Content/Object/Weapon/Sword/Gear_Blade/GearBlade_MaterialGear_OcclusionRoughnessMetallic.uasset" 257
"../../../WOW/Content/Object/Weapon/Sword/Gear_Blade/Material.uasset" 258
"../../../WOW/Content/Object/Weapon/Sword/Gear_Blade/GearBlade.uasset" 259
"../../../WOW/Content/StarterContent/Materials/M_Basic_Floor.uasset" 260
"../../../WOW/Content/StarterContent/Materials/M_Basic_Wall.uasset" 261
"../../../Engine/Content/EditorMeshes/ColorCalibrator/T_ColorGrid.uasset" 262
"../../../WOW/Content/StarterContent/Materials/M_ColorGrid_LowSpec.uasset" 263
"../../../WOW/Content/StarterContent/Materials/M_Glass.uasset" 264
"../../../WOW/Content/StarterContent/Textures/T_Burst_M.uasset" 265
"../../../WOW/Content/StarterContent/Particles/Materials/M_Burst.uasset" 266
"../../../WOW/Content/StarterContent/Textures/T_Explosion_SubUV.uasset" 267
"../../../WOW/Content/StarterContent/Particles/Materials/M_explosion_subUV.uasset" 268
"../../../WOW/Content/StarterContent/Particles/Materials/m_flare_01.uasset" 269
"../../../Engine/Content/Functions/Engine_MaterialFunctions01/Gradient/RadialGradient.uasset" 270
"../../../WOW/Content/StarterContent/Particles/Materials/M_radial_ramp.uasset" 271
"../../../WOW/Content/StarterContent/Textures/T_Smoke_SubUV.uasset" 272
"../../../WOW/Content/StarterContent/Textures/T_Smoke_Tiled_D.uasset" 273
"../../../WOW/Content/StarterContent/Particles/Materials/M_smoke_subUV.uasset" 274
"../../../WOW/Content/StarterContent/Particles/P_Explosion.uasset" 275
"../../../WOW/Content/StarterContent/Textures/T_Fire_SubUV.uasset" 276
"../../../WOW/Content/StarterContent/Textures/T_Fire_Tiled_D.uasset" 277
"../../../WOW/Content/StarterContent/Particles/Materials/M_Fire_SubUV.uasset" 278
"../../../WOW/Content/StarterContent/Textures/T_Water_N.uasset" 279
"../../../WOW/Content/StarterContent/Particles/Materials/M_Heat_Distortion.uasset" 280
"../../../WOW/Content/StarterContent/Particles/Materials/M_Radial_Gradient.uasset" 281
"../../../WOW/Content/StarterContent/Particles/P_Fire.uasset" 282
"../../../WOW/Content/StarterContent/Particles/P_Smoke.uasset" 283
"../../../WOW/Content/StarterContent/Textures/T_Spark_Core.uasset" 284
"../../../WOW/Content/StarterContent/Particles/Materials/M_Spark.uasset" 285
"../../../WOW/Content/StarterContent/Particles/P_Sparks.uasset" 286
"../../../WOW/Content/StarterContent/Particles/P_Steam_Lit.uasset" 287
"../../../WOW/Content/StarterContent/Textures/T_Bush_D.uasset" 288
"../../../WOW/Content/StarterContent/Textures/T_Bush_N.uasset" 289
"../../../WOW/Content/StarterContent/Textures/T_Chair_M.uasset" 290
"../../../WOW/Content/StarterContent/Textures/T_Chair_N.uasset" 291
"../../../WOW/Content/StarterContent/Textures/T_Door_M.uasset" 292
"../../../WOW/Content/StarterContent/Textures/T_Door_N.uasset" 293
"../../../WOW/Content/StarterContent/Textures/T_Frame_M.uasset" 294
"../../../WOW/Content/StarterContent/Textures/T_Frame_N.uasset" 295
"../../../WOW/Content/StarterContent/Textures/T_Lamp_M.uasset" 296
"../../../WOW/Content/StarterContent/Textures/T_Lamp_N.uasset" 297
"../../../WOW/Content/StarterContent/Textures/T_RockMesh_M.uasset" 298
"../../../WOW/Content/StarterContent/Textures/T_RockMesh_N.uasset" 299
"../../../WOW/Content/StarterContent/Textures/T_Shelf_M.uasset" 300
"../../../WOW/Content/StarterContent/Textures/T_Shelf_N.uasset" 301
"../../../WOW/Content/StarterContent/Textures/T_Statue_M.uasset" 302
"../../../WOW/Content/StarterContent/Textures/T_Statue_N.uasset" 303
"../../../WOW/Content/StarterContent/Textures/T_TableRound_M.uasset" 304
"../../../WOW/Content/StarterContent/Textures/T_TableRound_N.uasset" 305
"../../../Engine/Content/EngineMaterials/DefaultMaterial.uasset" 306
"../../../Engine/Content/BasicShapes/Cone.uasset" 307
"../../../Engine/Content/BasicShapes/Cube.uasset" 308
"../../../Engine/Content/BasicShapes/Cylinder.uasset" 309
"../../../Engine/Content/BasicShapes/Plane.uasset" 310
"../../../Engine/Content/BasicShapes/Sphere.uasset" 311
"../../../Engine/Content/EditorMaterials/GizmoMaterial.uasset" 312
"../../../Engine/Content/EditorMaterials/MAT_Groups_Toggle.uasset" 313
"../../../Engine/Content/EditorMaterials/MAT_Groups_Visibility.uasset" 314
"../../../Engine/Content/EditorMaterials/PreviewShadowIndicator.uasset" 315
"../../../Engine/Content/EditorMaterials/PreviewShadowIndicatorMaterial.uasset" 316
"../../../Engine/Content/EditorMaterials/MatineeGroups/MAT_ColorTrack.uasset" 317
"../../../Engine/Content/EditorMaterials/MatineeGroups/MAT_Groups_Anim.uasset" 318
"../../../Engine/Content/EditorMaterials/MatineeGroups/MAT_Groups_AudioMaster.uasset" 319
"../../../Engine/Content/EditorMaterials/MatineeGroups/MAT_Groups_Director.uasset" 320
"../../../Engine/Content/EditorMaterials/MatineeGroups/MAT_Groups_Event.uasset" 321
"../../../Engine/Content/EditorMaterials/MatineeGroups/MAT_Groups_Fade.uasset" 322
"../../../Engine/Content/EditorMaterials/MatineeGroups/MAT_Groups_Float.uasset" 323
"../../../Engine/Content/EditorMaterials/MatineeGroups/MAT_Groups_Move.uasset" 324
"../../../Engine/Content/EditorMaterials/MatineeGroups/MAT_Groups_Slomo.uasset" 325
"../../../Engine/Content/EditorMaterials/MatineeGroups/MAT_Groups_Sound.uasset" 326
"../../../Engine/Content/EditorMaterials/MatineeGroups/MAT_Groups_Vector.uasset" 327
"../../../Engine/Content/EditorMaterials/ParticleSystems/PSysThumbnail_NoImage.uasset" 328
"../../../Engine/Content/EditorMaterials/ParticleSystems/PSysThumbnail_OOD.uasset" 329
"../../../Engine/Content/EditorMaterials/Camera/CineMat.uasset" 330
"../../../Engine/Content/EditorMaterials/Camera/MI_CineMat_Rig.uasset" 331
"../../../Engine/Content/EditorMeshes/Camera/SM_CraneRig_Arm.uasset" 332
"../../../Engine/Content/EditorMeshes/Camera/SM_CraneRig_Base.uasset" 333
"../../../Engine/Content/EditorMeshes/Camera/SM_CraneRig_Body.uasset" 334
"../../../Engine/Content/EditorMeshes/Camera/SM_CraneRig_Mount.uasset" 335
"../../../Engine/Content/EditorMeshes/Camera/SM_RailRig_Mount.uasset" 336
"../../../Engine/Content/EditorMeshes/Camera/SM_RailRig_Track.uasset" 337
"../../../Engine/Content/EditorResources/BSPVertex.uasset" 338
"../../../Engine/Content/EditorResources/EmptyActor.uasset" 339
"../../../Engine/Content/EditorResources/S_Actor.uasset" 340
"../../../Engine/Content/EditorResources/S_Trigger.uasset" 341
"../../../Engine/Content/EditorResources/AudioIcons/S_AudioComponent.uasset" 342
"../../../Engine/Content/EditorResources/AudioIcons/S_AudioComponent_AutoActivate.uasset" 343
"../../../Engine/Content/EditorResources/LightIcons/S_LightError.uasset" 344
"../../../Engine/Content/EditorResources/SequenceRecorder/Countdown.uasset" 345
"../../../Engine/Content/EditorResources/SequenceRecorder/RecordingIndicator.uasset" 346
"../../../Engine/Content/EditorSounds/Notifications/CompileFailed.uasset" 347
"../../../Engine/Content/EditorSounds/Notifications/CompileFailed_Cue.uasset" 348
"../../../Engine/Content/EditorSounds/Notifications/CompileSuccess.uasset" 349
"../../../Engine/Content/EditorSounds/Notifications/CompileStart_Cue.uasset" 350
"../../../Engine/Content/EditorSounds/Notifications/CompileSuccess_Cue.uasset" 351
"../../../Engine/Content/EngineDamageTypes/DmgTypeBP_Environmental.uasset" 352
"../../../Engine/Content/EngineDebugMaterials/HeatmapGradient.uasset" 353
"../../../Engine/Content/EngineDebugMaterials/BoneWeightMaterial.uasset" 354
"../../../Engine/Content/EngineDebugMaterials/ClothMaterial.uasset" 355
"../../../Engine/Content/EngineDebugMaterials/ClothMaterial_WF.uasset" 356
"../../../Engine/Content/EngineDebugMaterials/DebugEditorMaterial.uasset" 357
"../../../Engine/Content/EngineDebugMaterials/DebugMeshMaterial.uasset" 358
"../../../Engine/Content/EngineDebugMaterials/GeomMaterial.uasset" 359
"../../../Engine/Content/EngineFonts/Faces/RobotoBold.uasset" 360
"../../../Engine/Content/EngineFonts/Faces/RobotoBoldItalic.uasset" 361
"../../../Engine/Content/EngineFonts/Faces/RobotoItalic.uasset" 362
"../../../Engine/Content/EngineFonts/Faces/RobotoLight.uasset" 363
"../../../Engine/Content/EngineFonts/Faces/RobotoRegular.uasset" 364
"../../../Engine/Content/EngineFonts/Roboto.uasset" 365
"../../../Engine/Content/EngineMaterials/DefaultBloomKernel.uasset" 366
"../../../Engine/Content/EngineMaterials/DefaultBokeh.uasset" 367
"../../../Engine/Content/EngineMaterials/DefaultDiffuse.uasset" 368
"../../../Engine/Content/EngineMaterials/DefaultDeferredDecalMaterial.uasset" 369
"../../../Engine/Content/EngineMaterials/DefaultLightFunctionMaterial.uasset" 370
"../../../Engine/Content/Functions/Engine_MaterialFunctions02/Utility/BreakOutFloat2Components.uasset" 371
"../../../Engine/Content/EngineMaterials/DefaultPostProcessMaterial.uasset" 372
"../../../Engine/Content/EngineFonts/RobotoDistanceField.uasset" 373
"../../../Engine/Content/EngineMaterials/DefaultTextMaterialOpaque.uasset" 374
"../../../Engine/Content/EngineMaterials/DefaultWhiteGrid.uasset" 375
"../../../Engine/Content/EngineMaterials/EditorBrushMaterial.uasset" 376
"../../../Engine/Content/EngineMaterials/MiniFont.uasset" 377
"../../../Engine/Content/EngineMaterials/InvalidLightmapSettings.uasset" 378
"../../../Engine/Content/EngineMaterials/M_InvalidLightmapSettings.uasset" 379
"../../../Engine/Content/Functions/Engine_MaterialFunctions02/WorldPositionOffset/CameraOffset.uasset" 380
"../../../Engine/Content/EngineMaterials/PhAT_JointLimitMaterial.uasset" 381
"../../../Engine/Content/EngineMaterials/PreintegratedSkinBRDF.uasset" 382
"../../../Engine/Content/EngineMaterials/RemoveSurfaceMaterial.uasset" 383
"../../../Engine/Content/EngineMaterials/WeightMapPlaceholderTexture.uasset" 384
"../../../Engine/Content/EngineResources/WhiteSquareTexture.uasset" 385
"../../../Engine/Content/EngineMaterials/Widget3DPassThrough.uasset" 386
"../../../Engine/Content/EngineMaterials/Widget3DPassThrough_Masked.uasset" 387
"../../../Engine/Content/EngineMaterials/Widget3DPassThrough_Opaque.uasset" 388
"../../../Engine/Content/EngineMaterials/Widget3DPassThrough_Masked_OneSided.uasset" 389
"../../../Engine/Content/EngineMaterials/Widget3DPassThrough_Opaque_OneSided.uasset" 390
"../../../Engine/Content/EngineMaterials/Widget3DPassThrough_Translucent.uasset" 391
"../../../Engine/Content/EngineMaterials/Widget3DPassThrough_Translucent_OneSided.uasset" 392
"../../../Engine/Content/EngineMeshes/Cube.uasset" 393
"../../../Engine/Content/EngineMeshes/Cylinder.uasset" 394
"../../../Engine/Content/EngineMeshes/Sphere.uasset" 395
"../../../Engine/Content/EngineResources/Black.uasset" 396
"../../../Engine/Content/EngineResources/DefaultTexture.uasset" 397
"../../../Engine/Content/EngineResources/DefaultTextureCube.uasset" 398
"../../../Engine/Content/EngineResources/GradientTexture0.uasset" 399
"../../../Engine/Content/EngineSounds/Master.uasset" 400
"../../../Engine/Content/Functions/Engine_MaterialFunctions01/Shading/ConvertFromDiffSpec.uasset" 401
"../../../Engine/Content/Functions/Engine_MaterialFunctions01/Shading/PowerToRoughness.uasset" 402
"../../../Engine/Content/Maps/Templates/Thumbnails/Default.uasset" 403
"../../../Engine/Content/Maps/Templates/Thumbnails/VR-Basic.uasset" 404
"../../../Engine/Content/MobileResources/T_MobileControls_texture.uasset" 405
"../../../Engine/Content/MobileResources/T_MobileMenu2.uasset" 406
"../../../Engine/Content/MobileResources/HUD/AnalogHat.uasset" 407
"../../../Engine/Content/MobileResources/HUD/VirtualJoystick_Background.uasset" 408
"../../../Engine/Content/MobileResources/HUD/VirtualJoystick_Thumb.uasset" 409
"../../../Engine/Content/MobileResources/HUD/DefaultVirtualJoysticks.uasset" 410
"../../../Engine/Content/MobileResources/HUD/LeftVirtualJoystickOnly.uasset" 411
"../../../Engine/Content/MobileResources/HUD/MobileHUDButton1_off.uasset" 412
"../../../Engine/Content/MobileResources/HUD/MobileHUDButton1_on.uasset" 413
"../../../Engine/Content/MobileResources/HUD/MobileHUDButton2_off.uasset" 414
"../../../Engine/Content/MobileResources/HUD/MobileHUDButton2_on.uasset" 415
"../../../Engine/Content/MobileResources/HUD/MobileHUDButton3.uasset" 416
"../../../Engine/Content/MobileResources/HUD/MobileHUDButtonFire.uasset" 417
"../../../Engine/Content/MobileResources/HUD/MobileHUDDirectionPad.uasset" 418
"../../../Engine/Content/MobileResources/HUD/MobileHUDDirectionPad2.uasset" 419
"../../../Engine/Content/MobileResources/HUD/MobileHUDDirectionPad3.uasset" 420
"../../../Engine/Content/MobileResources/HUD/MobileHUDDirectionStick.uasset" 421
"../../../Engine/Content/MobileResources/HUD/T_Castle_ThumbstickInner.uasset" 422
"../../../Engine/Content/MobileResources/HUD/T_Castle_ThumbstickOutter.uasset" 423
"../../../Engine/Content/Tutorial/ContentIntroCurve.uasset" 424
"../../../Engine/Content/Tutorial/Basics/TutorialAssets/icon_tab_Levels_40x.uasset" 425
"../../../Engine/Content/Tutorial/BlueprintTutorials/TutorialAssets/BlueprintInterface_64x.uasset" 426
"../../../Engine/Content/Tutorial/BlueprintTutorials/TutorialAssets/BlueprintMacroLibrary_64x.uasset" 427
"../../../Engine/Content/Tutorial/BlueprintTutorials/TutorialAssets/Blueprint_64x.uasset" 428
"../../../Engine/Content/Tutorial/BlueprintTutorials/TutorialAssets/Tutorial_BP_Interface.uasset" 429
"../../../Engine/Content/Tutorial/Foliage/TutorialAssets/Foliage.uasset" 430
"../../../Engine/Content/Tutorial/Landscape/TutorialAssets/Landscape.uasset" 431
"../../../Engine/Content/Tutorial/Mobile/TutorialAssets/android_Icon.uasset" 432
"../../../Engine/Content/Tutorial/Paper2D/TutorialAssets/Paper2DFlipbook_TutorialIcon.uasset" 433
"../../../Engine/Content/Tutorial/Paper2D/TutorialAssets/Paper2DSprite_TutorialIcon.uasset" 434
"../../../Engine/Content/Tutorial/SubEditors/TutorialAssets/icon_Editor_Preferences_General_40x.uasset" 435
"../../../Engine/Content/Tutorial/SubEditors/TutorialAssets/icon_ShowSkeletalMeshes_40x.uasset" 436
"../../../Engine/Content/Tutorial/SubEditors/TutorialAssets/TutorialMaterial.uasset" 437
"../../../Engine/Content/Tutorial/SubEditors/TutorialAssets/T_SmokeSubUV_8X8.uasset" 438
"../../../Engine/Content/Tutorial/SubEditors/TutorialAssets/T_soft_smoke.uasset" 439
"../../../Engine/Content/Tutorial/SubEditors/TutorialAssets/M_smoke_subUV_blackbody.uasset" 440
"../../../Engine/Content/Tutorial/SubEditors/TutorialAssets/TutorialParticleSystem.uasset" 441
"../../../Engine/Content/VREditor/Devices/Generic/GenericHMDMaterial.uasset" 442
"../../../Engine/Content/VREditor/Devices/Generic/GenericHMD.uasset" 443
"../../../Engine/Content/VREditor/FloatingText/LineMaterial.uasset" 444
"../../../Engine/Content/VREditor/FloatingText/JointSphere.uasset" 445
"../../../Engine/Content/VREditor/FloatingText/LineSegmentCylinder.uasset" 446
"../../../Engine/Content/VREditor/Fonts/VRText_RobotoLarge.uasset" 447
"../../../Engine/Content/VREditor/Fonts/VRTextMaterial.uasset" 448
"../../../Engine/Content/VREditor/Fonts/TranslucentVRTextMaterial.uasset" 449
"../../../Engine/Content/VREditor/LaserPointer/CursorPointer.uasset" 450
"../../../Engine/Content/VREditor/LaserPointer/VR_LaserPower_01.uasset" 451
"../../../Engine/Content/VREditor/TransformGizmo/TransformGizmoMaterial.uasset" 452
"../../../Engine/Content/VREditor/LaserPointer/HoverMaterial.uasset" 453
"../../../Engine/Content/VREditor/TransformGizmo/TranslucentTransformGizmoMaterial.uasset" 454
"../../../Engine/Content/VREditor/LaserPointer/TranslucentHoverMaterial.uasset" 455
"../../../Engine/Content/VREditor/LaserPointer/HoverMesh.uasset" 456
"../../../Engine/Content/VREditor/LaserPointer/LaserPointerMaterial.uasset" 457
"../../../Engine/Content/VREditor/LaserPointer/LaserPointerMaterialInst.uasset" 458
"../../../Engine/Content/VREditor/LaserPointer/TranslucentLaserPointerMaterialInst.uasset" 459
"../../../Engine/Content/VREditor/LaserPointer/LaserPointerMesh.uasset" 460
"../../../Engine/Content/VREditor/LaserPointer/LaserPointerMesh_End.uasset" 461
"../../../Engine/Content/VREditor/LaserPointer/LaserPointerMesh_Start.uasset" 462
"../../../Engine/Content/Functions/Engine_MaterialFunctions02/Utility/BreakOutFloat3Components.uasset" 463
"../../../Engine/Content/Functions/Engine_MaterialFunctions02/Math/Transform3x3Matrix.uasset" 464
"../../../Engine/Content/Functions/Engine_MaterialFunctions02/SplitComponents.uasset" 465
"../../../Engine/Content/Functions/Engine_MaterialFunctions02/Utility/MakeFloat3.uasset" 466
"../../../Engine/Content/VREditor/SnapGrid/SnapGridMaterial.uasset" 467
"../../../Engine/Content/VREditor/SnapGrid/SnapGridPlaneMesh.uasset" 468
"../../../Engine/Content/VREditor/Sounds/VR_teleport.uasset" 469
"../../../Engine/Content/VREditor/Sounds/UI/Click_on_Button_Cue.uasset" 470
"../../../Engine/Content/VREditor/Sounds/UI/Dockable_Window_Close.uasset" 471
"../../../Engine/Content/VREditor/Sounds/UI/Dockable_Window_Drop.uasset" 472
"../../../Engine/Content/VREditor/Sounds/UI/Dockable_Window_Open.uasset" 473
"../../../Engine/Content/VREditor/Sounds/UI/Dockable_Window_Pick_Up.uasset" 474
"../../../Engine/Content/VREditor/Sounds/UI/Drop_Item_From_ContentBrowser.uasset" 475
"../../../Engine/Content/VREditor/Sounds/UI/Floating_UI_Open-001.uasset" 476
"../../../Engine/Content/VREditor/Sounds/UI/Gizmo_Handle_Clicked.uasset" 477
"../../../Engine/Content/VREditor/Sounds/UI/Object_PickUp.uasset" 478
"../../../Engine/Content/VREditor/Sounds/UI/Object_Snaps_To_Another_Actor.uasset" 479
"../../../Engine/Content/VREditor/Sounds/UI/Object_Snaps_To_Grid.uasset" 480
"../../../Engine/Content/VREditor/Sounds/UI/Radial_Menu_FadeOut.uasset" 481
"../../../Engine/Content/VREditor/Sounds/UI/Scaling_Down.uasset" 482
"../../../Engine/Content/VREditor/Sounds/UI/Scaling_Up.uasset" 483
"../../../Engine/Content/VREditor/Sounds/UI/Selection_Changes.uasset" 484
"../../../Engine/Content/VREditor/Sounds/UI/Teleport_Mode_Entered.uasset" 485
"../../../Engine/Content/VREditor/Teleport/TeleportDirectionMaterial.uasset" 486
"../../../Engine/Content/VREditor/Teleport/TeleportDirectionMaterial_Inst.uasset" 487
"../../../Engine/Content/VREditor/Teleport/TeleportDirectionMesh.uasset" 488
"../../../Engine/Content/VREditor/TransformGizmo/BoundingBoxCorner.uasset" 489
"../../../Engine/Content/VREditor/TransformGizmo/BoundingBoxEdge.uasset" 490
"../../../Engine/Content/VREditor/TransformGizmo/PlaneTranslationHandle.uasset" 491
"../../../Engine/Content/VREditor/TransformGizmo/RotationHandleFull.uasset" 492
"../../../Engine/Content/VREditor/TransformGizmo/RotationHandleIndicator.uasset" 493
"../../../Engine/Content/VREditor/TransformGizmo/RotationHandleQuarter.uasset" 494
"../../../Engine/Content/VREditor/TransformGizmo/Main.uasset" 495
"../../../Engine/Content/VREditor/TransformGizmo/Xray.uasset" 496
"../../../Engine/Content/VREditor/TransformGizmo/SM_Dialog_Close.uasset" 497
"../../../Engine/Content/VREditor/TransformGizmo/SM_Dialog_Move.uasset" 498
"../../../Engine/Content/VREditor/TransformGizmo/SM_Sequencer_Key.uasset" 499
"../../../Engine/Content/VREditor/TransformGizmo/SM_Sequencer_Node.uasset" 500
"../../../Engine/Content/VREditor/TransformGizmo/StartRotationHandleIndicator.uasset" 501
"../../../Engine/Content/VREditor/TransformGizmo/TranslucentTransformGizmoMaterial_Inst.uasset" 502
"../../../Engine/Content/VREditor/TransformGizmo/TransformGizmoFreeRotation.uasset" 503
"../../../Engine/Content/VREditor/TransformGizmo/TransformGizmoMaterial_Inst.uasset" 504
"../../../Engine/Content/VREditor/TransformGizmo/TranslateArrowHandle.uasset" 505
"../../../Engine/Content/VREditor/TransformGizmo/UniformScaleHandle.uasset" 506
"../../../Engine/Content/VREditor/UI/KeyDiskMaterial.uasset" 507
"../../../Engine/Content/VREditor/UI/DiscMaterial.uasset" 508
"../../../Engine/Content/VREditor/UI/SM_Radial_Disk.uasset" 509
"../../../Engine/Content/VREditor/WorldMovementGrid/SimpleGrid.uasset" 510
"../../../Engine/Content/VREditor/WorldMovementGrid/GridMaterial.uasset" 511
"../../../Engine/Content/VREditor/WorldMovementGrid/GridPostProcess.uasset" 512
"../../../Engine/Content/EditorLandscapeResources/FlattenHeightMat.uasset" 513
"../../../Engine/Content/VREditor/WorldMovementGrid/PlaneMesh.uasset" 514
"../../../Engine/Plugins/2D/Paper2D/Content/PlaceholderTextures/DummySpriteTexture.uasset" 515
"../../../Engine/Plugins/2D/Paper2D/Content/DummySprite.uasset" 516
"../../../Engine/Plugins/2D/Paper2D/Content/DefaultPaperTerrainMaterial.uasset" 517
"../../../Engine/Plugins/2D/Paper2D/Content/DefaultSpriteMaterial.uasset" 518
"../../../Engine/Plugins/2D/Paper2D/Content/MaskedUnlitSpriteMaterial.uasset" 519
"../../../Engine/Plugins/2D/Paper2D/Content/OpaqueUnlitSpriteMaterial.uasset" 520
"../../../Engine/Plugins/Media/MediaCompositing/Content/DefaultMediaPlaneMaterial.uasset" 521
"../../../Engine/Content/Functions/Engine_MaterialFunctions02/Utility/MakeFloat4.uasset" 522
"../../../Engine/Plugins/Runtime/AppleARKit/Content/ARKitCameraMaterial.uasset" 523
"../../../Engine/Plugins/Runtime/Oculus/OculusVR/Content/Textures/GearVRController_AO.uasset" 524
"../../../Engine/Plugins/Runtime/Oculus/OculusVR/Content/Textures/GearVRController_Color.uasset" 525
"../../../Engine/Plugins/Runtime/Oculus/OculusVR/Content/Textures/GearVRController_Normal.uasset" 526
"../../../Engine/Plugins/Runtime/Oculus/OculusVR/Content/Materials/GearVRControllerMaterial.uasset" 527
"../../../Engine/Plugins/Runtime/Oculus/OculusVR/Content/Meshes/GearVrController.uasset" 528
"../../../WOW/Content/Map/C1.umap" 529
"../../../WOW/Content/Map/C2.umap" 530
"../../../WOW/Content/Effect/Rock_Dust/tuf.uasset" 531
"../../../WOW/Content/Effect/Rock_Dust/tuf_Mat.uasset" 532
"../../../WOW/Content/Effect/Rock_Dust/Rock_Dust_P1.uasset" 533
"../../../WOW/Content/Map/C3.umap" 534
"../../../WOW/Content/Data/Widget/5.uasset" 535
"../../../WOW/Content/Data/Widget/MainMenu/MainMenu.uasset" 536
"../../../WOW/Content/Data/Widget/Unreal_Engine_Logo_svg.uasset" 537
"../../../WOW/Content/Data/Widget/Intro.uasset" 538
"../../../WOW/Content/Data/Blueprints/MainMenuHUD.uasset" 539
"../../../WOW/Content/ThirdPersonBP/Blueprints/ThirdPersonGameMode.uasset" 540
"../../../WOW/Content/Data/Blueprints/MainMenu.uasset" 541
"../../../WOW/Content/Map/MainMenu.umap" 542
"../../../WOW/Content/Object/Cast/1/Cast1Sli.uasset" 543
"../../../Engine/Content/Functions/Engine_MaterialFunctions03/ComplexMotion/Motion_4WayChaos.uasset" 544
"../../../Engine/Content/Engine_MI_Shaders/T_Base_Tile_Normal.uasset" 545
"../../../Engine/Content/Functions/Engine_MaterialFunctions03/ComplexMotion/Motion_4WayChaos_Normal.uasset" 546
"../../../WOW/Content/Object/WaterPlane/Lake/Textures/T_MediumWaves_H.uasset" 547
"../../../WOW/Content/Object/WaterPlane/Lake/Textures/T_MediumWaves_N.uasset" 548
"../../../WOW/Content/Object/WaterPlane/Lake/Textures/T_SmallWaves_N.uasset" 549
"../../../WOW/Content/Object/WaterPlane/Lake/Materials/M_LakeWater_01.uasset" 550
"../../../WOW/Content/Object/WaterPlane/Ocean/Textures/T_LargeWaves_H.uasset" 551
"../../../WOW/Content/Object/WaterPlane/Lake/Materials/M_LakeWater_01_Inst.uasset" 552
"../../../Engine/Content/MapTemplates/Sky/DaylightAmbientCubemap.uasset" 553
"../../../WOW/Content/Object/WaterPlane/Ocean/Materials/OceanWater_SS.uasset" 554
"../../../WOW/Content/Object/WaterPlane/Ocean/Textures/T_LargeWaves_N.uasset" 555
"../../../WOW/Content/Object/WaterPlane/Ocean/Textures/T_Seafoam_01.uasset" 556
"../../../WOW/Content/Object/WaterPlane/Ocean/Materials/M_OceanWater_1.uasset" 557
"../../../Engine/Content/MapTemplates/Sky/Desert_Outer_HDR.uasset" 558
"../../../WOW/Content/Object/WaterPlane/Ocean/Materials/M_OceanWater_1_Inst.uasset" 559
"../../../WOW/Content/Object/WaterPlane/Meshes/SM_OceanWater.uasset" 560
"../../../WOW/Content/Object/WaterPlane/Lake/Blueprint/BP_LakeWater.uasset" 561
"../../../Engine/Content/EditorLandscapeResources/DataLayer.uasset" 562
"../../../WOW/Content/Map/OldTown_sharedassets/dit_LayerInfo.uasset" 563
"../../../WOW/Content/Map/OldTown_sharedassets/Grass_LayerInfo.uasset" 564
"../../../WOW/Content/Map/OldTown_sharedassets/Rock_LayerInfo.uasset" 565
"../../../WOW/Content/Map/TexturesCom_Grass0153_1_seamless_S_COLOR_NRM.uasset" 566
"../../../WOW/Content/Material/RockyDirt2C_albedo_COLOR.uasset" 567
"../../../WOW/Content/Material/RockyDirt2C_albedo_NRM.uasset" 568
"../../../WOW/Content/Material/Land1.uasset" 569
"../../../WOW/Content/Object/etc/contrainer/Contariner_ContainerBlue_Normal.uasset" 570
"../../../WOW/Content/Object/etc/contrainer/Contariner_ContainerBlue_OcclusionRoughnessMetallic.uasset" 571
"../../../WOW/Content/Object/etc/contrainer/Contariner_ContaineRed_BaseColor.uasset" 572
"../../../WOW/Content/Object/etc/contrainer/Contariner_ContainerRed_Material.uasset" 573
"../../../WOW/Content/Object/Town1/Build/Home1/Texture/Home1_F_001_BaseColor.uasset" 574
"../../../WOW/Content/Object/Town1/Build/Home1/Texture/Home1_F_001_Normal.uasset" 575
"../../../WOW/Content/Object/Town1/Build/Home1/Texture/Home1_F_001_OcclusionRoughnessMetallic.uasset" 576
"../../../WOW/Content/Object/Town1/Build/Home1/Material/E_001.uasset" 577
"../../../WOW/Content/Object/Town1/Build/Home2/Texture/home2_A_Normal.uasset" 578
"../../../WOW/Content/Object/Town1/Build/Home2/Texture/home2_A_OcclusionRoughnessMetallic.uasset" 579
"../../../WOW/Content/Object/Town1/Build/Home2/Material/A.uasset" 580
"../../../WOW/Content/Object/Town1/Build/Home2/Texture/home2__null__BaseColor.uasset" 581
"../../../WOW/Content/Object/Town1/Build/Home2/Texture/home2__null__Normal.uasset" 582
"../../../WOW/Content/Object/Town1/Build/Home2/Texture/home2__null__OcclusionRoughnessMetallic.uasset" 583
"../../../WOW/Content/Object/Town1/Build/Home2/Material/home2__null__BaseColor_Mat.uasset" 584
"../../../WOW/Content/Object/Town1/Build/Home4/Home4_O_BaseColor__1_.uasset" 585
"../../../WOW/Content/Object/Town1/Build/Home4/Home4_O_Normal__1_.uasset" 586
"../../../WOW/Content/Object/Town1/Build/Home4/Home4_O_OcclusionRoughnessMetallic__1_.uasset" 587
"../../../WOW/Content/Object/Town1/Build/Home4/O.uasset" 588
"../../../WOW/Content/Object/Town1/Build/Miror.uasset" 589
"../../../WOW/Content/Object/Foliage/Grass/Grass2/Grass.uasset" 590
"../../../WOW/Content/Object/Foliage/Grass/Grass2/Grass_Inst.uasset" 591
"../../../Engine/Content/EngineMaterials/DefaultPhysicalMaterial.uasset" 592
"../../../WOW/Content/Data/Widget/LAG.uasset" 593
"../../../WOW/Content/Object/Cast/1/Cast1.uasset" 594
"../../../WOW/Content/Object/etc/Box/Box_Solider/BoxSolider_BoxSolider_BaseColor.uasset" 595
"../../../WOW/Content/Object/etc/Box/Box_Solider/BoxSolider_BoxSolider_Normal.uasset" 596
"../../../WOW/Content/Object/etc/Box/Box_Solider/BoxSolider_BoxSolider_OcclusionRoughnessMetallic.uasset" 597
"../../../WOW/Content/Object/etc/Box/Box_Solider/Box_Solider_M.uasset" 598
"../../../WOW/Content/Object/etc/Box/Box_Solider/BoxSolider.uasset" 599
"../../../WOW/Content/Object/etc/Box/Box_Solider/BoxSolider2.uasset" 600
"../../../WOW/Content/Object/etc/contrainer/Contariner_ContainerBlue_BaseColor.uasset" 601
"../../../WOW/Content/Object/etc/contrainer/Contariner_ContainerBlue_Material.uasset" 602
"../../../WOW/Content/Object/etc/contrainer/Contariner.uasset" 603
"../../../WOW/Content/Object/Foliage/Grass/Grass2/grass2.uasset" 604
"../../../WOW/Content/Object/Foliage/Tree/1/acacia-leaf.uasset" 605
"../../../WOW/Content/Object/Foliage/Tree/1/Leaf.uasset" 606
"../../../WOW/Content/Object/Foliage/Tree/1/bark03.uasset" 607
"../../../WOW/Content/Object/Foliage/Tree/1/wood_M.uasset" 608
"../../../WOW/Content/Object/Foliage/Tree/1/tree.uasset" 609
"../../../WOW/Content/Object/Foliage/Tree/2/bt.uasset" 610
"../../../WOW/Content/Object/Rock/1/Rock1_Material_BaseColor.uasset" 611
"../../../WOW/Content/Object/Rock/1/Rock1_Material_Normal.uasset" 612
"../../../WOW/Content/Object/Rock/1/Rock1_Material_OcclusionRoughnessMetallic.uasset" 613
"../../../WOW/Content/Object/Rock/1/Rock_M.uasset" 614
"../../../WOW/Content/Object/Rock/1/Rock1.uasset" 615
"../../../WOW/Content/Object/Rock/4/Rock4_Rock4_BaseColor.uasset" 616
"../../../WOW/Content/Object/Rock/4/Rock4_Rock4_Normal.uasset" 617
"../../../WOW/Content/Object/Rock/4/Rock4_Rock4_OcclusionRoughnessMetallic.uasset" 618
"../../../WOW/Content/Object/Rock/4/Rock4_M.uasset" 619
"../../../WOW/Content/Object/Rock/4/Rock4.uasset" 620
"../../../WOW/Content/Object/Tent1/S1_Tent_BaseColor.uasset" 621
"../../../WOW/Content/Object/Tent1/S1_Tent_Normal.uasset" 622
"../../../WOW/Content/Object/Tent1/S1_Tent_OcclusionRoughnessMetallic.uasset" 623
"../../../WOW/Content/Object/Tent1/Tent1M.uasset" 624
"../../../WOW/Content/Object/Tent1/Tent1M_Inst.uasset" 625
"../../../WOW/Content/Object/Tent1/Tent.uasset" 626
"../../../WOW/Content/Object/Town1/Build/Home1/Texture/Home1_A_BaseColor.uasset" 627
"../../../WOW/Content/Object/Town1/Build/Home1/Texture/Home1_A_Normal.uasset" 628
"../../../WOW/Content/Object/Town1/Build/Home1/Texture/Home1_A_OcclusionRoughnessMetallic.uasset" 629
"../../../WOW/Content/Object/Town1/Build/Home1/Material/A.uasset" 630
"../../../WOW/Content/Object/Town1/Build/Home1/Texture/Home1_E_BaseColor.uasset" 631
"../../../WOW/Content/Object/Town1/Build/Home1/Texture/Home1_E_Normal.uasset" 632
"../../../WOW/Content/Object/Town1/Build/Home1/Texture/Home1_E_OcclusionRoughnessMetallic.uasset" 633
"../../../WOW/Content/Object/Town1/Build/Home1/Material/E.uasset" 634
"../../../WOW/Content/Object/Town1/Build/Home1/Texture/Home1_F_BaseColor.uasset" 635
"../../../WOW/Content/Object/Town1/Build/Home1/Texture/Home1_F_Normal.uasset" 636
"../../../WOW/Content/Object/Town1/Build/Home1/Texture/Home1_F_OcclusionRoughnessMetallic.uasset" 637
"../../../WOW/Content/Object/Town1/Build/Home1/Material/F.uasset" 638
"../../../WOW/Content/Object/Town1/Build/Home1/Material/F_001.uasset" 639
"../../../WOW/Content/Object/Town1/Build/Home1/Texture/Home1_G_BaseColor.uasset" 640
"../../../WOW/Content/Object/Town1/Build/Home1/Texture/Home1_G_Normal.uasset" 641
"../../../WOW/Content/Object/Town1/Build/Home1/Texture/Home1_G_OcclusionRoughnessMetallic.uasset" 642
"../../../WOW/Content/Object/Town1/Build/Home1/Material/G.uasset" 643
"../../../WOW/Content/Object/Town1/Build/Home1/Texture/Home1_L_BaseColor.uasset" 644
"../../../WOW/Content/Object/Town1/Build/Home1/Texture/Home1_L_Normal.uasset" 645
"../../../WOW/Content/Object/Town1/Build/Home1/Texture/Home1_L_OcclusionRoughnessMetallic.uasset" 646
"../../../WOW/Content/Object/Town1/Build/Home1/Material/L.uasset" 647
"../../../WOW/Content/Object/Town1/Build/Home1/Texture/Home1_N_BaseColor.uasset" 648
"../../../WOW/Content/Object/Town1/Build/Home1/Texture/Home1_N_Normal.uasset" 649
"../../../WOW/Content/Object/Town1/Build/Home1/Texture/Home1_N_OcclusionRoughnessMetallic.uasset" 650
"../../../WOW/Content/Object/Town1/Build/Home1/Material/N.uasset" 651
"../../../WOW/Content/Object/Town1/Build/Home1/Texture/Home1_OP_BaseColor.uasset" 652
"../../../WOW/Content/Object/Town1/Build/Home1/Texture/Home1_OP_Normal.uasset" 653
"../../../WOW/Content/Object/Town1/Build/Home1/Texture/Home1_OP_OcclusionRoughnessMetallic.uasset" 654
"../../../WOW/Content/Object/Town1/Build/Home1/Material/OP.uasset" 655
"../../../WOW/Content/Object/Town1/Build/Home1/Texture/Home1_PP_BaseColor.uasset" 656
"../../../WOW/Content/Object/Town1/Build/Home1/Texture/Home1_PP_Normal.uasset" 657
"../../../WOW/Content/Object/Town1/Build/Home1/Texture/Home1_PP_OcclusionRoughnessMetallic.uasset" 658
"../../../WOW/Content/Object/Town1/Build/Home1/Material/PP.uasset" 659
"../../../WOW/Content/Object/Town1/Build/Home1/Texture/Home1_R_BaseColor.uasset" 660
"../../../WOW/Content/Object/Town1/Build/Home1/Texture/Home1_R_Normal.uasset" 661
"../../../WOW/Content/Object/Town1/Build/Home1/Texture/Home1_R_OcclusionRoughnessMetallic.uasset" 662
"../../../WOW/Content/Object/Town1/Build/Home1/Material/R.uasset" 663
"../../../WOW/Content/Object/Town1/Build/Home1/Texture/Home1_S_BaseColor.uasset" 664
"../../../WOW/Content/Object/Town1/Build/Home1/Texture/Home1_S_Normal.uasset" 665
"../../../WOW/Content/Object/Town1/Build/Home1/Texture/Home1_S_OcclusionRoughnessMetallic.uasset" 666
"../../../WOW/Content/Object/Town1/Build/Home1/Material/S.uasset" 667
"../../../WOW/Content/Object/Town1/Build/Home1/Texture/Home1_T_BaseColor.uasset" 668
"../../../WOW/Content/Object/Town1/Build/Home1/Texture/Home1_T_Normal.uasset" 669
"../../../WOW/Content/Object/Town1/Build/Home1/Texture/Home1_T_OcclusionRoughnessMetallic.uasset" 670
"../../../WOW/Content/Object/Town1/Build/Home1/Material/T.uasset" 671
"../../../WOW/Content/Object/Town1/Build/Home1/Home1.uasset" 672
"../../../WOW/Content/Object/Town1/Build/Home2/Texture/home2_B_BaseColor.uasset" 673
"../../../WOW/Content/Object/Town1/Build/Home2/Texture/home2_B_Normal.uasset" 674
"../../../WOW/Content/Object/Town1/Build/Home2/Texture/home2_B_OcclusionRoughnessMetallic.uasset" 675
"../../../WOW/Content/Object/Town1/Build/Home2/Material/B.uasset" 676
"../../../WOW/Content/Object/Town1/Build/Home2/Texture/home2_C_BaseColor.uasset" 677
"../../../WOW/Content/Object/Town1/Build/Home2/Texture/home2_C_Normal.uasset" 678
"../../../WOW/Content/Object/Town1/Build/Home2/Texture/home2_C_OcclusionRoughnessMetallic.uasset" 679
"../../../WOW/Content/Object/Town1/Build/Home2/Material/C.uasset" 680
"../../../WOW/Content/Object/Town1/Build/Home2/Texture/home2_C1_BaseColor.uasset" 681
"../../../WOW/Content/Object/Town1/Build/Home2/Texture/home2_C1_Normal.uasset" 682
"../../../WOW/Content/Object/Town1/Build/Home2/Texture/home2_C1_OcclusionRoughnessMetallic.uasset" 683
"../../../WOW/Content/Object/Town1/Build/Home2/Material/C1.uasset" 684
"../../../WOW/Content/Object/Town1/Build/Home2/Texture/home2_C3_BaseColor.uasset" 685
"../../../WOW/Content/Object/Town1/Build/Home2/Texture/home2_C3_Normal.uasset" 686
"../../../WOW/Content/Object/Town1/Build/Home2/Texture/home2_C3_OcclusionRoughnessMetallic.uasset" 687
"../../../WOW/Content/Object/Town1/Build/Home2/Material/C3.uasset" 688
"../../../WOW/Content/Object/Town1/Build/Home2/Material/C4.uasset" 689
"../../../WOW/Content/Object/Town1/Build/Home2/Texture/home2_E_BaseColor.uasset" 690
"../../../WOW/Content/Object/Town1/Build/Home2/Texture/home2_E_Normal.uasset" 691
"../../../WOW/Content/Object/Town1/Build/Home2/Texture/home2_E_OcclusionRoughnessMetallic.uasset" 692
"../../../WOW/Content/Object/Town1/Build/Home2/Material/E.uasset" 693
"../../../WOW/Content/Object/Town1/Build/Home2/Texture/home2_f_BaseColor.uasset" 694
"../../../WOW/Content/Object/Town1/Build/Home2/Texture/home2_f_Normal.uasset" 695
"../../../WOW/Content/Object/Town1/Build/Home2/Material/f.uasset" 696
"../../../WOW/Content/Object/Town1/Build/Home2/Texture/home2_I_BaseColor.uasset" 697
"../../../WOW/Content/Object/Town1/Build/Home2/Texture/home2_I_Normal.uasset" 698
"../../../WOW/Content/Object/Town1/Build/Home2/Texture/home2_I_OcclusionRoughnessMetallic.uasset" 699
"../../../WOW/Content/Object/Town1/Build/Home2/Material/I.uasset" 700
"../../../WOW/Content/Object/Town1/Build/Home2/Texture/home2_PP_BaseColor.uasset" 701
"../../../WOW/Content/Object/Town1/Build/Home2/Texture/home2_PP_Normal.uasset" 702
"../../../WOW/Content/Object/Town1/Build/Home2/Texture/home2_PP_OcclusionRoughnessMetallic.uasset" 703
"../../../WOW/Content/Object/Town1/Build/Home2/Material/PP.uasset" 704
"../../../WOW/Content/Object/Town1/Build/Home2/Texture/home2_Y_BaseColor.uasset" 705
"../../../WOW/Content/Object/Town1/Build/Home2/Texture/home2_Y_Normal.uasset" 706
"../../../WOW/Content/Object/Town1/Build/Home2/Material/Y.uasset" 707
"../../../WOW/Content/Object/Town1/Build/Home2/home2.uasset" 708
"../../../WOW/Content/Object/Town1/Build/Home3/A.uasset" 709
"../../../WOW/Content/Object/Town1/Build/Home3/A1.uasset" 710
"../../../WOW/Content/Object/Town1/Build/Home3/A2.uasset" 711
"../../../WOW/Content/Object/Town1/Build/Home3/B.uasset" 712
"../../../WOW/Content/Object/Town1/Build/Home3/C.uasset" 713
"../../../WOW/Content/Object/Town1/Build/Home3/C1.uasset" 714
"../../../WOW/Content/Object/Town1/Build/Home3/C4.uasset" 715
"../../../WOW/Content/Object/Town1/Build/Home3/E.uasset" 716
"../../../WOW/Content/Object/Town1/Build/Home3/F.uasset" 717
"../../../WOW/Content/Object/Town1/Build/Home3/H.uasset" 718
"../../../WOW/Content/Object/Town1/Build/Home3/PP.uasset" 719
"../../../WOW/Content/Object/Town1/Build/Home3/W.uasset" 720
"../../../WOW/Content/Object/Town1/Build/Home3/W2.uasset" 721
"../../../WOW/Content/Object/Town1/Build/Home3/Home3.uasset" 722
"../../../WOW/Content/Object/Town1/Build/Home4/Home4_A_BaseColor__1_.uasset" 723
"../../../WOW/Content/Object/Town1/Build/Home4/Home4_A_Normal__1_.uasset" 724
"../../../WOW/Content/Object/Town1/Build/Home4/Home4_A_OcclusionRoughnessMetallic__1_.uasset" 725
"../../../WOW/Content/Object/Town1/Build/Home4/A.uasset" 726
"../../../WOW/Content/Object/Town1/Build/Home4/Home4_B_BaseColor.uasset" 727
"../../../WOW/Content/Object/Town1/Build/Home4/Home4_B_Normal.uasset" 728
"../../../WOW/Content/Object/Town1/Build/Home4/Home4_B_OcclusionRoughnessMetallic__1_.uasset" 729
"../../../WOW/Content/Object/Town1/Build/Home4/B.uasset" 730
"../../../WOW/Content/Object/Town1/Build/Home4/Home4_G_BaseColor__1_.uasset" 731
"../../../WOW/Content/Object/Town1/Build/Home4/Home4_G_Normal__1_.uasset" 732
"../../../WOW/Content/Object/Town1/Build/Home4/Home4_G_OcclusionRoughnessMetallic__1_.uasset" 733
"../../../WOW/Content/Object/Town1/Build/Home4/G.uasset" 734
"../../../WOW/Content/Object/Town1/Build/Home4/Home4_J_001_BaseColor.uasset" 735
"../../../WOW/Content/Object/Town1/Build/Home4/Home4_J_001_Normal.uasset" 736
"../../../WOW/Content/Object/Town1/Build/Home4/Home4_J_001_OcclusionRoughnessMetallic.uasset" 737
"../../../WOW/Content/Object/Town1/Build/Home4/J_001.uasset" 738
"../../../WOW/Content/Object/Town1/Build/Home4/Material.uasset" 739
"../../../WOW/Content/Object/Town1/Build/Home4/Home4_Material_001_BaseColor.uasset" 740
"../../../WOW/Content/Object/Town1/Build/Home4/Home4_Material_001_Normal.uasset" 741
"../../../WOW/Content/Object/Town1/Build/Home4/Home4_Material_001_OcclusionRoughnessMetallic.uasset" 742
"../../../WOW/Content/Object/Town1/Build/Home4/Material_001.uasset" 743
"../../../WOW/Content/Object/Town1/Build/Home4/Home4_P_BaseColor__1_.uasset" 744
"../../../WOW/Content/Object/Town1/Build/Home4/Home4_P_Normal__1_.uasset" 745
"../../../WOW/Content/Object/Town1/Build/Home4/Home4_P_OcclusionRoughnessMetallic__1_.uasset" 746
"../../../WOW/Content/Object/Town1/Build/Home4/P.uasset" 747
"../../../WOW/Content/Object/Town1/Build/Home4/Home4_Q_BaseColor__1_.uasset" 748
"../../../WOW/Content/Object/Town1/Build/Home4/Home4_Q_Normal__1_.uasset" 749
"../../../WOW/Content/Object/Town1/Build/Home4/Home4_Q_OcclusionRoughnessMetallic__1_.uasset" 750
"../../../WOW/Content/Object/Town1/Build/Home4/Q.uasset" 751
"../../../WOW/Content/Object/Town1/Build/Home4/Home4_R_BaseColor__1_.uasset" 752
"../../../WOW/Content/Object/Town1/Build/Home4/Home4_R_Normal__1_.uasset" 753
"../../../WOW/Content/Object/Town1/Build/Home4/Home4_R_OcclusionRoughnessMetallic.uasset" 754
"../../../WOW/Content/Object/Town1/Build/Home4/R.uasset" 755
"../../../WOW/Content/Object/Town1/Build/Home4/Home4_U_BaseColor.uasset" 756
"../../../WOW/Content/Object/Town1/Build/Home4/Home4_U_Normal__1_.uasset" 757
"../../../WOW/Content/Object/Town1/Build/Home4/Home4_U_OcclusionRoughnessMetallic.uasset" 758
"../../../WOW/Content/Object/Town1/Build/Home4/U.uasset" 759
"../../../WOW/Content/Object/Town1/Build/Home4/Home4.uasset" 760
"../../../WOW/Content/Map/SkyDesk.umap" 761
"../../../Engine/Content/Functions/Engine_MaterialFunctions02/Utility/BlendAngleCorrectedNormals.uasset" 762
"../../../WOW/Content/Object/WaterPlane/Environment/Textures/T_Detail_Rocky_N.uasset" 763
"../../../WOW/Content/Object/WaterPlane/Environment/Textures/T_Rock_Basalt_D.uasset" 764
"../../../WOW/Content/Object/WaterPlane/Environment/Textures/T_RockMesh_M.uasset" 765
"../../../WOW/Content/Object/WaterPlane/Environment/Textures/T_RockMesh_N.uasset" 766
"../../../WOW/Content/Object/WaterPlane/Environment/Props/Materials/M_Rock.uasset" 767
"../../../WOW/Content/Object/WaterPlane/Environment/Props/SM_Rock.uasset" 768
"../../../WOW/Content/Object/WaterPlane/Maps/LakeWater_Example.umap" 769
"../../../WOW/Content/Object/WaterPlane/Ocean/Blueprint/BP_OceanWater.uasset" 770
"../../../WOW/Content/Object/WaterPlane/Maps/OceanWater_Example.umap" 771
"../../../WOW/Content/Object/WaterPlane/Environment/HDRI/HDRI_Epic_Courtyard_Daylight.uasset" 772
"../../../WOW/Content/Object/WaterPlane/Translucent/Materials/M_TranslucentWater.uasset" 773
"../../../WOW/Content/Object/WaterPlane/Translucent/Materials/M_TranslucentWater_Inst.uasset" 774
"../../../WOW/Content/Object/WaterPlane/Translucent/Blueprint/BP_TranslucentWater.uasset" 775
"../../../WOW/Content/Object/WaterPlane/Environment/Textures/T_MacroVariation.uasset" 776
"../../../WOW/Content/Object/WaterPlane/Environment/Textures/T_Perlin_Noise_M.uasset" 777
"../../../WOW/Content/Object/WaterPlane/Environment/Textures/T_Rock_Basalt_N.uasset" 778
"../../../WOW/Content/Object/WaterPlane/Environment/Materials/M_Rock_Basalt.uasset" 779
"../../../WOW/Content/Object/WaterPlane/Maps/TranslucentWater_Example.umap" 780
"../../../WOW/Content/StarterContent/Maps/Advanced_Lighting_BuiltData.uasset" 781
"../../../WOW/Content/StarterContent/Materials/M_AssetPlatform.uasset" 782
"../../../Engine/Content/EditorMeshes/ColorCalibrator/M_ChromeBall.uasset" 783
"../../../Engine/Content/EditorMeshes/ColorCalibrator/M_ClearCoat.uasset" 784
"../../../Engine/Content/EditorMeshes/ColorCalibrator/M_ClearCoatBlack.uasset" 785
"../../../Engine/Content/EditorMeshes/ColorCalibrator/Color_checker.uasset" 786
"../../../Engine/Content/EditorMeshes/ColorCalibrator/M_ColorGrid.uasset" 787
"../../../Engine/Content/EditorMeshes/ColorCalibrator/M_GreyBall.uasset" 788
"../../../Engine/Content/EditorMeshes/ColorCalibrator/SM_ColorCalibrator.uasset" 789
"../../../WOW/Content/StarterContent/Maps/Advanced_Lighting.umap" 790
"../../../WOW/Content/StarterContent/Maps/Minimal_Default_BuiltData.uasset" 791
"../../../WOW/Content/StarterContent/Textures/T_MacroVariation.uasset" 792
"../../../WOW/Content/StarterContent/Materials/M_Metal_Brushed_Nickel.uasset" 793
"../../../WOW/Content/StarterContent/Textures/T_Metal_Aluminum_D.uasset" 794
"../../../WOW/Content/StarterContent/Textures/T_Metal_Gold_N.uasset" 795
"../../../WOW/Content/StarterContent/Materials/M_Metal_Burnished_Steel.uasset" 796
"../../../WOW/Content/StarterContent/Textures/T_Metal_Copper_D.uasset" 797
"../../../WOW/Content/StarterContent/Materials/M_Metal_Copper.uasset" 798
"../../../WOW/Content/StarterContent/Maps/Minimal_Default.umap" 799
"../../../WOW/Content/StarterContent/Maps/StarterMap_BuiltData.uasset" 800
"../../../Engine/Content/Functions/Engine_MaterialFunctions03/Procedurals/ComputeFilterWidth.uasset" 801
"../../../Engine/Content/EngineMaterials/AntiAliasedTextMaterialTranslucent.uasset" 802
"../../../WOW/Content/StarterContent/Textures/T_Brick_Clay_Beveled_D.uasset" 803
"../../../WOW/Content/StarterContent/Textures/T_Brick_Clay_Beveled_M.uasset" 804
"../../../WOW/Content/StarterContent/Textures/T_Brick_Clay_Beveled_N.uasset" 805
"../../../WOW/Content/StarterContent/Materials/M_Brick_Clay_Beveled.uasset" 806
"../../../WOW/Content/StarterContent/Textures/T_Brick_Clay_New_D.uasset" 807
"../../../WOW/Content/StarterContent/Textures/T_Brick_Clay_New_M.uasset" 808
"../../../WOW/Content/StarterContent/Textures/T_Brick_Clay_New_N.uasset" 809
"../../../WOW/Content/StarterContent/Textures/T_Detail_Rocky_N.uasset" 810
"../../../WOW/Content/StarterContent/Materials/M_Brick_Clay_New.uasset" 811
"../../../WOW/Content/StarterContent/Textures/T_Brick_Clay_Old_D.uasset" 812
"../../../WOW/Content/StarterContent/Textures/T_Brick_Clay_Old_N.uasset" 813
"../../../WOW/Content/StarterContent/Textures/T_Perlin_Noise_M.uasset" 814
"../../../WOW/Content/StarterContent/Materials/M_Brick_Clay_Old.uasset" 815
"../../../WOW/Content/StarterContent/Textures/T_Brick_Cut_Stone_D.uasset" 816
"../../../WOW/Content/StarterContent/Textures/T_Brick_Cut_Stone_N.uasset" 817
"../../../WOW/Content/StarterContent/Materials/M_Brick_Cut_Stone.uasset" 818
"../../../WOW/Content/StarterContent/Textures/T_Brick_Hewn_Stone_D.uasset" 819
"../../../WOW/Content/StarterContent/Textures/T_Brick_Hewn_Stone_M.uasset" 820
"../../../WOW/Content/StarterContent/Textures/T_Brick_Hewn_Stone_N.uasset" 821
"../../../WOW/Content/StarterContent/Materials/M_Brick_Hewn_Stone.uasset" 822
"../../../WOW/Content/StarterContent/Textures/T_Ceramic_Tile_M.uasset" 823
"../../../WOW/Content/StarterContent/Textures/T_Ceramic_Tile_N.uasset" 824
"../../../WOW/Content/StarterContent/Textures/T_Rock_Marble_Polished_D.uasset" 825
"../../../WOW/Content/StarterContent/Materials/M_Ceramic_Tile_Checker.uasset" 826
"../../../WOW/Content/StarterContent/Textures/T_CobbleStone_Pebble_D.uasset" 827
"../../../WOW/Content/StarterContent/Textures/T_CobbleStone_Pebble_M.uasset" 828
"../../../WOW/Content/StarterContent/Textures/T_CobbleStone_Pebble_N.uasset" 829
"../../../WOW/Content/StarterContent/Materials/M_CobbleStone_Pebble.uasset" 830
"../../../WOW/Content/StarterContent/Textures/T_CobbleStone_Rough_D.uasset" 831
"../../../WOW/Content/StarterContent/Textures/T_CobbleStone_Rough_N.uasset" 832
"../../../WOW/Content/StarterContent/Textures/T_Gradinet_01.uasset" 833
"../../../WOW/Content/StarterContent/Textures/T_Rock_Smooth_Granite_D.uasset" 834
"../../../WOW/Content/StarterContent/Materials/M_CobbleStone_Rough.uasset" 835
"../../../WOW/Content/StarterContent/Textures/T_CobbleStone_Smooth_D.uasset" 836
"../../../WOW/Content/StarterContent/Textures/T_CobbleStone_Smooth_M.uasset" 837
"../../../WOW/Content/StarterContent/Textures/T_CobbleStone_Smooth_N.uasset" 838
"../../../WOW/Content/StarterContent/Materials/M_CobbleStone_Smooth.uasset" 839
"../../../WOW/Content/StarterContent/Textures/T_Concrete_Grime_D.uasset" 840
"../../../WOW/Content/StarterContent/Textures/T_Metal_Rust_N.uasset" 841
"../../../WOW/Content/StarterContent/Materials/M_Concrete_Grime.uasset" 842
"../../../WOW/Content/StarterContent/Textures/T_Concrete_Panels_D.uasset" 843
"../../../WOW/Content/StarterContent/Textures/T_Concrete_Panels_N.uasset" 844
"../../../WOW/Content/StarterContent/Materials/M_Concrete_Panels.uasset" 845
"../../../WOW/Content/StarterContent/Textures/T_Concrete_Poured_D.uasset" 846
"../../../WOW/Content/StarterContent/Textures/T_Concrete_Poured_N.uasset" 847
"../../../WOW/Content/StarterContent/Materials/M_Concrete_Poured.uasset" 848
"../../../WOW/Content/StarterContent/Textures/T_Concrete_Tiles_D.uasset" 849
"../../../WOW/Content/StarterContent/Textures/T_Concrete_Tiles_M.uasset" 850
"../../../WOW/Content/StarterContent/Textures/T_Concrete_Tiles_N.uasset" 851
"../../../WOW/Content/StarterContent/Textures/T_Concrete_Tiles_Variation_M.uasset" 852
"../../../WOW/Content/StarterContent/Materials/M_Concrete_Tiles.uasset" 853
"../../../WOW/Content/StarterContent/Textures/T_Ground_Grass_D.uasset" 854
"../../../WOW/Content/StarterContent/Textures/T_Ground_Grass_N.uasset" 855
"../../../WOW/Content/StarterContent/Materials/M_Ground_Grass.uasset" 856
"../../../WOW/Content/StarterContent/Textures/T_Ground_Gravel_D.uasset" 857
"../../../WOW/Content/StarterContent/Textures/T_Ground_Gravel_N.uasset" 858
"../../../WOW/Content/StarterContent/Materials/M_Ground_Gravel.uasset" 859
"../../../WOW/Content/StarterContent/Textures/T_ground_Moss_D.uasset" 860
"../../../WOW/Content/StarterContent/Textures/T_Ground_Moss_N.uasset" 861
"../../../WOW/Content/StarterContent/Materials/M_Ground_Moss.uasset" 862
"../../../WOW/Content/StarterContent/Materials/M_Metal_Chrome.uasset" 863
"../../../WOW/Content/StarterContent/Textures/T_Metal_Gold_D.uasset" 864
"../../../WOW/Content/StarterContent/Materials/M_Metal_Gold.uasset" 865
"../../../WOW/Content/StarterContent/Textures/T_Metal_Rust_D.uasset" 866
"../../../WOW/Content/StarterContent/Materials/M_Metal_Rust.uasset" 867
"../../../WOW/Content/StarterContent/Textures/T_Metal_Steel_D.uasset" 868
"../../../WOW/Content/StarterContent/Textures/T_Metal_Steel_N.uasset" 869
"../../../WOW/Content/StarterContent/Materials/M_Metal_Steel.uasset" 870
"../../../WOW/Content/StarterContent/Textures/T_Rock_Basalt_D.uasset" 871
"../../../WOW/Content/StarterContent/Textures/T_Rock_Basalt_N.uasset" 872
"../../../WOW/Content/StarterContent/Materials/M_Rock_Basalt.uasset" 873
"../../../WOW/Content/StarterContent/Materials/M_Rock_Marble_Polished.uasset" 874
"../../../WOW/Content/StarterContent/Textures/T_Rock_Sandstone_D.uasset" 875
"../../../WOW/Content/StarterContent/Textures/T_Rock_Sandstone_N.uasset" 876
"../../../WOW/Content/StarterContent/Materials/M_Rock_Sandstone.uasset" 877
"../../../WOW/Content/StarterContent/Textures/T_Rock_Slate_D.uasset" 878
"../../../WOW/Content/StarterContent/Textures/T_Rock_Slate_N.uasset" 879
"../../../WOW/Content/StarterContent/Materials/M_Rock_Slate.uasset" 880
"../../../WOW/Content/StarterContent/Textures/T_Checker_Noise_M.uasset" 881
"../../../WOW/Content/StarterContent/Textures/T_Single_Tile_N.uasset" 882
"../../../WOW/Content/StarterContent/Textures/T_Tech_Dot_M.uasset" 883
"../../../WOW/Content/StarterContent/Textures/T_Tech_Dot_N.uasset" 884
"../../../WOW/Content/StarterContent/Materials/M_Tech_Checker_Dot.uasset" 885
"../../../WOW/Content/StarterContent/Textures/T_Tech_Hex_Tile_M.uasset" 886
"../../../WOW/Content/StarterContent/Textures/T_Tech_Hex_Tile_N.uasset" 887
"../../../WOW/Content/StarterContent/Materials/M_Tech_Hex_Tile.uasset" 888
"../../../WOW/Content/StarterContent/Materials/M_Tech_Hex_Tile_Pulse.uasset" 889
"../../../WOW/Content/StarterContent/Textures/T_Tech_Panel_M.uasset" 890
"../../../WOW/Content/StarterContent/Textures/T_Tech_Panel_N.uasset" 891
"../../../WOW/Content/StarterContent/Materials/M_Tech_Panel.uasset" 892
"../../../WOW/Content/StarterContent/Materials/M_Water_Lake.uasset" 893
"../../../WOW/Content/StarterContent/Textures/T_Water_M.uasset" 894
"../../../WOW/Content/StarterContent/Materials/M_Water_Ocean.uasset" 895
"../../../WOW/Content/StarterContent/Textures/T_Wood_Floor_Walnut_D.uasset" 896
"../../../WOW/Content/StarterContent/Textures/T_Wood_Floor_Walnut_M.uasset" 897
"../../../WOW/Content/StarterContent/Textures/T_Wood_Floor_Walnut_N.uasset" 898
"../../../WOW/Content/StarterContent/Materials/M_Wood_Floor_Walnut_Polished.uasset" 899
"../../../Engine/Content/Functions/Engine_MaterialFunctions01/Opacity/AlphaOffset.uasset" 900
"../../../WOW/Content/StarterContent/Materials/M_Wood_Floor_Walnut_Worn.uasset" 901
"../../../WOW/Content/StarterContent/Textures/T_Wood_Oak_D.uasset" 902
"../../../WOW/Content/StarterContent/Textures/T_Wood_Oak_N.uasset" 903
"../../../WOW/Content/StarterContent/Materials/M_Wood_Oak.uasset" 904
"../../../WOW/Content/StarterContent/Textures/T_Wood_Pine_D.uasset" 905
"../../../WOW/Content/StarterContent/Textures/T_Wood_Pine_N.uasset" 906
"../../../WOW/Content/StarterContent/Materials/M_Wood_Pine.uasset" 907
"../../../WOW/Content/StarterContent/Textures/T_Wood_Walnut_D.uasset" 908
"../../../WOW/Content/StarterContent/Textures/T_Wood_Walnut_N.uasset" 909
"../../../WOW/Content/StarterContent/Materials/M_Wood_Walnut.uasset" 910
"../../../WOW/Content/StarterContent/Particles/P_Ambient_Dust.uasset" 911
"../../../WOW/Content/StarterContent/Maps/StarterMap.umap" 912
"../../../Engine/Content/Maps/Entry.umap" 913
